<?xml version="1.0" encoding="UTF-8"?>
<!-- Generated by org.testng.reporters.JUnitReportReporter -->
<testsuite hostname="CNIL-5CG051BNW3" failures="0" tests="1" name="Interview.thoughtWorks.AppTest" time="0.016" errors="0" timestamp="2021-10-08T23:26:16 IST" skipped="0">
  <testcase classname="Interview.thoughtWorks.AppTest" name="shouldAnswerWithTrue" time="0.016"/>
  <system-out/>
</testsuite> <!-- Interview.thoughtWorks.AppTest -->
