<?xml version="1.0" encoding="UTF-8"?>
<!-- Generated by org.testng.reporters.JUnitReportReporter -->
<testsuite skipped="0" hostname="CNIL-5CG051BNW3" name="Interview.thoughtWorks.AppTest" tests="1" failures="0" timestamp="2021-10-08T23:44:22 IST" time="0.014" errors="0">
  <testcase name="shouldAnswerWithTrue" time="0.014" classname="Interview.thoughtWorks.AppTest"/>
  <system-out/>
</testsuite> <!-- Interview.thoughtWorks.AppTest -->
